--17:23:48--  http://www.stat.umn.edu/~aistat/proceedings/data/papers/003.pdf
Resolving www.stat.umn.edu... 134.84.86.2
Connecting to www.stat.umn.edu|134.84.86.2|:80... connected.
HTTP request sent, awaiting response... 200 OK
Length: 2772182 (2.6M) [application/pdf]
Saving to: `ahmed07a/ahmed07a.pdf'

     0K .......... .......... .......... .......... ..........  1% 93.6K 28s
    50K .......... .......... .......... .......... ..........  3%  148K 23s
   100K .......... .......... .......... .......... ..........  5%  278K 18s
   150K .......... .......... .......... .......... ..........  7%  843K 14s
   200K .......... .......... .......... .......... ..........  9%  317K 12s
   250K .......... .......... .......... .......... .......... 11%  360K 11s
   300K .......... .......... .......... .......... .......... 12%  891K 10s
   350K .......... .......... .......... .......... .......... 14%  402K 9s
   400K .......... .......... .......... .......... .......... 16%  857K 8s
   450K .......... .......... .......... .......... .......... 18%  833K 8s
   500K .......... .......... .......... .......... .......... 20%  392K 7s
   550K .......... .......... .......... .......... .......... 22%  832K 7s
   600K .......... .......... .......... .......... .......... 24%  856K 6s
   650K .......... .......... .......... .......... .......... 25%  375K 6s
   700K .......... .......... .......... .......... .......... 27%  819K 6s
   750K .......... .......... .......... .......... .......... 29%  789K 5s
   800K .......... .......... .......... .......... .......... 31%  407K 5s
   850K .......... .......... .......... .......... .......... 33%  855K 5s
   900K .......... .......... .......... .......... .......... 35%  835K 5s
   950K .......... .......... .......... .......... .......... 36%  822K 4s
  1000K .......... .......... .......... .......... .......... 38%  891K 4s
  1050K .......... .......... .......... .......... .......... 40%  388K 4s
  1100K .......... .......... .......... .......... .......... 42%  857K 4s
  1150K .......... .......... .......... .......... .......... 44%  832K 4s
  1200K .......... .......... .......... .......... .......... 46%  857K 3s
  1250K .......... .......... .......... .......... .......... 48%  853K 3s
  1300K .......... .......... .......... .......... .......... 49%  822K 3s
  1350K .......... .......... .......... .......... .......... 51%  406K 3s
  1400K .......... .......... .......... .......... .......... 53%  829K 3s
  1450K .......... .......... .......... .......... .......... 55%  856K 3s
  1500K .......... .......... .......... .......... .......... 57%  832K 2s
  1550K .......... .......... .......... .......... .......... 59%  201K 2s
  1600K .......... .......... .......... .......... .......... 60%  128M 2s
  1650K .......... .......... .......... .......... .......... 62%  123M 2s
  1700K .......... .......... .......... .......... .......... 64% 94.1M 2s
  1750K .......... .......... .......... .......... .......... 66% 65.1K 2s
  1800K .......... .......... .......... .......... .......... 68%  254K 2s
  1850K .......... .......... .......... .......... .......... 70%  280K 2s
  1900K .......... .......... .......... .......... .......... 72%  832K 2s
  1950K .......... .......... .......... .......... .......... 73%  344K 2s
  2000K .......... .......... .......... .......... .......... 75%  338K 2s
  2050K .......... .......... .......... .......... .......... 77%  821K 1s
  2100K .......... .......... .......... .......... .......... 79%  348K 1s
  2150K .......... .......... .......... .......... .......... 81%  825K 1s
  2200K .......... .......... .......... .......... .......... 83%  352K 1s
  2250K .......... .......... .......... .......... .......... 84%  348K 1s
  2300K .......... .......... .......... .......... .......... 86%  831K 1s
  2350K .......... .......... .......... .......... .......... 88%  356K 1s
  2400K .......... .......... .......... .......... .......... 90%  823K 1s
  2450K .......... .......... .......... .......... .......... 92%  360K 0s
  2500K .......... .......... .......... .......... .......... 94%  771K 0s
  2550K .......... .......... .......... .......... .......... 96%  364K 0s
  2600K .......... .......... .......... .......... .......... 97%  355K 0s
  2650K .......... .......... .......... .......... .......... 99%  843K 0s
  2700K .......                                               100%  917K=6.4s

17:23:55 (423 KB/s) - `ahmed07a/ahmed07a.pdf' saved [2772182/2772182]

