--17:24:25--  http://www.stat.umn.edu/~aistat/proceedings/data/papers/018.pdf
Resolving www.stat.umn.edu... 134.84.86.2
Connecting to www.stat.umn.edu|134.84.86.2|:80... connected.
HTTP request sent, awaiting response... 200 OK
Length: 767601 (750K) [application/pdf]
Saving to: `globerson07b/globerson07b.pdf'

     0K .......... .......... .......... .......... ..........  6% 93.8K 7s
    50K .......... .......... .......... .......... .......... 13%  150K 6s
   100K .......... .......... .......... .......... .......... 20%  281K 4s
   150K .......... .......... .......... .......... .......... 26%  838K 3s
   200K .......... .......... .......... .......... .......... 33%  317K 3s
   250K .......... .......... .......... .......... .......... 40%  346K 2s
   300K .......... .......... .......... .......... .......... 46%  775K 2s
   350K .......... .......... .......... .......... .......... 53%  346K 1s
   400K .......... .......... .......... .......... .......... 60%  839K 1s
   450K .......... .......... .......... .......... .......... 66%  342K 1s
   500K .......... .......... .......... .......... .......... 73%  855K 1s
   550K .......... .......... .......... .......... .......... 80%  335K 1s
   600K .......... .......... .......... .......... .......... 86%  353K 0s
   650K .......... .......... .......... .......... .......... 93%  796K 0s
   700K .......... .......... .......... .......... ......... 100%  359K=2.4s

17:24:28 (316 KB/s) - `globerson07b/globerson07b.pdf' saved [767601/767601]

