--17:25:20--  http://www.stat.umn.edu/~aistat/proceedings/data/papers/040.pdf
Resolving www.stat.umn.edu... 134.84.86.2
Connecting to www.stat.umn.edu|134.84.86.2|:80... connected.
HTTP request sent, awaiting response... 200 OK
Length: 698089 (682K) [application/pdf]
Saving to: `masinghka07a/masinghka07a.pdf'

     0K .......... .......... .......... .......... ..........  7% 93.8K 7s
    50K .......... .......... .......... .......... .......... 14%  144K 5s
   100K .......... .......... .......... .......... .......... 22%  145K 4s
   150K .......... .......... .......... .......... .......... 29%  149K 4s
   200K .......... .......... .......... .......... .......... 36%  251K 3s
   250K .......... .......... .......... .......... .......... 44%  150K 3s
   300K .......... .......... .......... .......... .......... 51%  151K 2s
   350K .......... .......... .......... .......... .......... 58%  259K 2s
   400K .......... .......... .......... .......... .......... 66%  154K 2s
   450K .......... .......... .......... .......... .......... 73%  259K 1s
   500K .......... .......... .......... .......... .......... 80%  260K 1s
   550K .......... .......... .......... .......... .......... 88%  263K 0s
   600K .......... .......... .......... .......... .......... 95%  268K 0s
   650K .......... .......... .......... .                    100%  191K=3.9s

17:25:25 (176 KB/s) - `masinghka07a/masinghka07a.pdf' saved [698089/698089]

