--17:23:46--  http://www.stat.umn.edu/~aistat/proceedings/data/papers/002.pdf
Resolving www.stat.umn.edu... 134.84.86.2
Connecting to www.stat.umn.edu|134.84.86.2|:80... connected.
HTTP request sent, awaiting response... 200 OK
Length: 847465 (828K) [application/pdf]
Saving to: `agarwal07a/agarwal07a.pdf'

     0K .......... .......... .......... .......... ..........  6% 92.1K 8s
    50K .......... .......... .......... .......... .......... 12%  149K 6s
   100K .......... .......... .......... .......... .......... 18%  280K 5s
   150K .......... .......... .......... .......... .......... 24%  839K 4s
   200K .......... .......... .......... .......... .......... 30%  315K 3s
   250K .......... .......... .......... .......... .......... 36%  389K 2s
   300K .......... .......... .......... .......... .......... 42%  815K 2s
   350K .......... .......... .......... .......... .......... 48%  400K 2s
   400K .......... .......... .......... .......... .......... 54%  856K 1s
   450K .......... .......... .......... .......... .......... 60%  389K 1s
   500K .......... .......... .......... .......... .......... 66%  815K 1s
   550K .......... .......... .......... .......... .......... 72%  871K 1s
   600K .......... .......... .......... .......... .......... 78%  856K 1s
   650K .......... .......... .......... .......... .......... 84%  398K 0s
   700K .......... .......... .......... .......... .......... 90%  810K 0s
   750K .......... .......... .......... .......... .......... 96%  880K 0s
   800K .......... .......... .......                         100%  850K=2.2s

17:23:48 (371 KB/s) - `agarwal07a/agarwal07a.pdf' saved [847465/847465]

