--17:24:03--  http://www.stat.umn.edu/~aistat/proceedings/data/papers/008.pdf
Resolving www.stat.umn.edu... 134.84.86.2
Connecting to www.stat.umn.edu|134.84.86.2|:80... connected.
HTTP request sent, awaiting response... 200 OK
Length: 1963947 (1.9M) [application/pdf]
Saving to: `carreira-perpinan07a/carreira-perpinan07a.pdf'

     0K .......... .......... .......... .......... ..........  2% 93.7K 20s
    50K .......... .......... .......... .......... ..........  5%  151K 16s
   100K .......... .......... .......... .......... ..........  7%  281K 12s
   150K .......... .......... .......... .......... .......... 10%  838K 9s
   200K .......... .......... .......... .......... .......... 13%  314K 8s
   250K .......... .......... .......... .......... .......... 15%  348K 8s
   300K .......... .......... .......... .......... .......... 18%  751K 7s
   350K .......... .......... .......... .......... .......... 20%  346K 6s
   400K .......... .......... .......... .......... .......... 23%  856K 5s
   450K .......... .......... .......... .......... .......... 26%  343K 5s
   500K .......... .......... .......... .......... .......... 28%  845K 5s
   550K .......... .......... .......... .......... .......... 31%  344K 4s
   600K .......... .......... .......... .......... .......... 33%  351K 4s
   650K .......... .......... .......... .......... .......... 36%  829K 4s
   700K .......... .......... .......... .......... .......... 39%  351K 4s
   750K .......... .......... .......... .......... .......... 41%  845K 3s
   800K .......... .......... .......... .......... .......... 44%  352K 3s
   850K .......... .......... .......... .......... .......... 46%  818K 3s
   900K .......... .......... .......... .......... .......... 49%  352K 3s
   950K .......... .......... .......... .......... .......... 52%  368K 3s
  1000K .......... .......... .......... .......... .......... 54%  803K 2s
  1050K .......... .......... .......... .......... .......... 57%  363K 2s
  1100K .......... .......... .......... .......... .......... 59%  834K 2s
  1150K .......... .......... .......... .......... .......... 62%  358K 2s
  1200K .......... .......... .......... .......... .......... 65%  851K 2s
  1250K .......... .......... .......... .......... .......... 67%  364K 2s
  1300K .......... .......... .......... .......... .......... 70%  853K 1s
  1350K .......... .......... .......... .......... .......... 72%  368K 1s
  1400K .......... .......... .......... .......... .......... 75%  835K 1s
  1450K .......... .......... .......... .......... .......... 78%  368K 1s
  1500K .......... .......... .......... .......... .......... 80%  828K 1s
  1550K .......... .......... .......... .......... .......... 83%  373K 1s
  1600K .......... .......... .......... .......... .......... 86%  857K 1s
  1650K .......... .......... .......... .......... .......... 88%  371K 1s
  1700K .......... .......... .......... .......... .......... 91%  858K 0s
  1750K .......... .......... .......... .......... .......... 93%  372K 0s
  1800K .......... .......... .......... .......... .......... 96%  856K 0s
  1850K .......... .......... .......... .......... .......... 99%  383K 0s
  1900K .......... .......                                    100%  749K=4.7s

17:24:09 (409 KB/s) - `carreira-perpinan07a/carreira-perpinan07a.pdf' saved [1963947/1963947]

