--17:24:09--  http://www.stat.umn.edu/~aistat/proceedings/data/papers/009.pdf
Resolving www.stat.umn.edu... 134.84.86.2
Connecting to www.stat.umn.edu|134.84.86.2|:80... connected.
HTTP request sent, awaiting response... 200 OK
Length: 615798 (601K) [application/pdf]
Saving to: `cook07a/cook07a.pdf'

     0K .......... .......... .......... .......... ..........  8% 92.9K 6s
    50K .......... .......... .......... .......... .......... 16%  150K 4s
   100K .......... .......... .......... .......... .......... 24%  275K 3s
   150K .......... .......... .......... .......... .......... 33%  844K 2s
   200K .......... .......... .......... .......... .......... 41%  317K 2s
   250K .......... .......... .......... .......... .......... 49%  348K 1s
   300K .......... .......... .......... .......... .......... 58%  773K 1s
   350K .......... .......... .......... .......... .......... 66%  344K 1s
   400K .......... .......... .......... .......... .......... 74%  846K 1s
   450K .......... .......... .......... .......... .......... 83%  345K 0s
   500K .......... .......... .......... .......... .......... 91%  822K 0s
   550K .......... .......... .......... .......... .......... 99%  348K 0s
   600K .                                                     100% 5.82M=2.0s

17:24:11 (296 KB/s) - `cook07a/cook07a.pdf' saved [615798/615798]

