--17:24:36--  http://www.stat.umn.edu/~aistat/proceedings/data/papers/024.pdf
Resolving www.stat.umn.edu... 134.84.86.2
Connecting to www.stat.umn.edu|134.84.86.2|:80... connected.
HTTP request sent, awaiting response... 200 OK
Length: 936225 (914K) [application/pdf]
Saving to: `heller07a/heller07a.pdf'

     0K .......... .......... .......... .......... ..........  5% 93.2K 9s
    50K .......... .......... .......... .......... .......... 10%  152K 7s
   100K .......... .......... .......... .......... .......... 16%  281K 5s
   150K .......... .......... .......... .......... .......... 21%  842K 4s
   200K .......... .......... .......... .......... .......... 27%  321K 3s
   250K .......... .......... .......... .......... .......... 32%  344K 3s
   300K .......... .......... .......... .......... .......... 38%  802K 2s
   350K .......... .......... .......... .......... .......... 43%  344K 2s
   400K .......... .......... .......... .......... .......... 49%  355K 2s
   450K .......... .......... .......... .......... .......... 54%  737K 2s
   500K .......... .......... .......... .......... .......... 60%  366K 1s
   550K .......... .......... .......... .......... .......... 65%  763K 1s
   600K .......... .......... .......... .......... .......... 71%  354K 1s
   650K .......... .......... .......... .......... .......... 76%  347K 1s
   700K .......... .......... .......... .......... .......... 82%  853K 1s
   750K .......... .......... .......... .......... .......... 87%  350K 0s
   800K .......... .......... .......... .......... .......... 92%  837K 0s
   850K .......... .......... .......... .......... .......... 98%  349K 0s
   900K .......... ....                                       100%  879K=2.7s

17:24:39 (335 KB/s) - `heller07a/heller07a.pdf' saved [936225/936225]

