--17:25:11--  http://www.stat.umn.edu/~aistat/proceedings/data/papers/038.pdf
Resolving www.stat.umn.edu... 134.84.86.2
Connecting to www.stat.umn.edu|134.84.86.2|:80... connected.
HTTP request sent, awaiting response... 200 OK
Length: 1295853 (1.2M) [application/pdf]
Saving to: `lu07a/lu07a.pdf'

     0K .......... .......... .......... .......... ..........  3% 72.0K 17s
    50K .......... .......... .......... .......... ..........  7% 90.1K 15s
   100K .......... .......... .......... .......... .......... 11%  138K 12s
   150K .......... .......... .......... .......... .......... 15%  141K 10s
   200K .......... .......... .......... .......... .......... 19%  141K 9s
   250K .......... .......... .......... .......... .......... 23%  144K 9s
   300K .......... .......... .......... .......... .......... 27%  146K 8s
   350K .......... .......... .......... .......... .......... 31%  148K 7s
   400K .......... .......... .......... .......... .......... 35%  209K 7s
   450K .......... .......... .......... .......... .......... 39%  168K 6s
   500K .......... .......... .......... .......... .......... 43%  183K 5s
   550K .......... .......... .......... .......... .......... 47%  258K 5s
   600K .......... .......... .......... .......... .......... 51%  154K 4s
   650K .......... .......... .......... .......... .......... 55%  257K 4s
   700K .......... .......... .......... .......... .......... 59%  221K 4s
   750K .......... .......... .......... .......... .......... 63%  176K 3s
   800K .......... .......... .......... .......... .......... 67%  224K 3s
   850K .......... .......... .......... .......... .......... 71%  224K 2s
   900K .......... .......... .......... .......... .......... 75%  266K 2s
   950K .......... .......... .......... .......... .......... 79%  273K 2s
  1000K .......... .......... .......... .......... .......... 82%  181K 1s
  1050K .......... .......... .......... .......... .......... 86%  273K 1s
  1100K .......... .......... .......... .......... .......... 90%  237K 1s
  1150K .......... .......... .......... .......... .......... 94%  269K 0s
  1200K .......... .......... .......... .......... .......... 98%  281K 0s
  1250K .......... .....                                      100%  677K=7.3s

17:25:19 (174 KB/s) - `lu07a/lu07a.pdf' saved [1295853/1295853]

