--17:25:50--  http://www.stat.umn.edu/~aistat/proceedings/data/papers/052.pdf
Resolving www.stat.umn.edu... 134.84.86.2
Connecting to www.stat.umn.edu|134.84.86.2|:80... connected.
HTTP request sent, awaiting response... 200 OK
Length: 2764924 (2.6M) [application/pdf]
Saving to: `salakhutdinov07a/salakhutdinov07a.pdf'

     0K .......... .......... .......... .......... ..........  1% 93.8K 28s
    50K .......... .......... .......... .......... ..........  3%  142K 23s
   100K .......... .......... .......... .......... ..........  5%  146K 21s
   150K .......... .......... .......... .......... ..........  7%  242K 18s
   200K .......... .......... .......... .......... ..........  9%  151K 17s
   250K .......... .......... .......... .......... .......... 11%  253K 16s
   300K .......... .......... .......... .......... .......... 12%  151K 15s
   350K .......... .......... .......... .......... .......... 14%  152K 15s
   400K .......... .......... .......... .......... .......... 16%  263K 14s
   450K .......... .......... .......... .......... .......... 18%  260K 13s
   500K .......... .......... .......... .......... .......... 20%  262K 12s
   550K .......... .......... .......... .......... .......... 22%  260K 12s
   600K .......... .......... .......... .......... .......... 24%  250K 11s
   650K .......... .......... .......... .......... .......... 25%  266K 11s
   700K .......... .......... .......... .......... .......... 27%  168K 11s
   750K .......... .......... .......... .......... .......... 29%  271K 10s
   800K .......... .......... .......... .......... .......... 31%  267K 10s
   850K .......... .......... .......... .......... .......... 33%  254K 9s
   900K .......... .......... .......... .......... .......... 35%  274K 9s
   950K .......... .......... .......... .......... .......... 37%  302K 8s
  1000K .......... .......... .......... .......... .......... 38%  255K 8s
  1050K .......... .......... .......... .......... .......... 40%  304K 8s
  1100K .......... .......... .......... .......... .......... 42%  280K 7s
  1150K .......... .......... .......... .......... .......... 44%  278K 7s
  1200K .......... .......... .......... .......... .......... 46%  283K 7s
  1250K .......... .......... .......... .......... .......... 48%  282K 7s
  1300K .......... .......... .......... .......... .......... 49%  287K 6s
  1350K .......... .......... .......... .......... .......... 51%  234K 6s
  1400K .......... .......... .......... .......... .......... 53%  370K 6s
  1450K .......... .......... .......... .......... .......... 55%  219K 5s
  1500K .......... .......... .......... .......... .......... 57%  166K 5s
  1550K .......... .......... .......... .......... .......... 59%  210K 5s
  1600K .......... .......... .......... .......... .......... 61%  170K 5s
  1650K .......... .......... .......... .......... .......... 62%  150K 5s
  1700K .......... .......... .......... .......... .......... 64%  219K 4s
  1750K .......... .......... .......... .......... .......... 66%  259K 4s
  1800K .......... .......... .......... .......... .......... 68%  174K 4s
  1850K .......... .......... .......... .......... .......... 70%  224K 4s
  1900K .......... .......... .......... .......... .......... 72%  174K 4s
  1950K .......... .......... .......... .......... .......... 74%  268K 3s
  2000K .......... .......... .......... .......... .......... 75%  259K 3s
  2050K .......... .......... .......... .......... .......... 77%  268K 3s
  2100K .......... .......... .......... .......... .......... 79%  268K 3s
  2150K .......... .......... .......... .......... .......... 81%  272K 2s
  2200K .......... .......... .......... .......... .......... 83%  275K 2s
  2250K .......... .......... .......... .......... .......... 85%  268K 2s
  2300K .......... .......... .......... .......... .......... 87%  275K 2s
  2350K .......... .......... .......... .......... .......... 88%  276K 1s
  2400K .......... .......... .......... .......... .......... 90%  283K 1s
  2450K .......... .......... .......... .......... .......... 92%  281K 1s
  2500K .......... .......... .......... .......... .......... 94%  281K 1s
  2550K .......... .......... .......... .......... .......... 96%  285K 0s
  2600K .......... .......... .......... .......... .......... 98%  286K 0s
  2650K .......... .......... .......... .......... .......... 99%  861K 0s
  2700K                                                       100%  242K=12s

17:26:02 (229 KB/s) - `salakhutdinov07a/salakhutdinov07a.pdf' saved [2764924/2764924]

