--17:26:15--  http://www.stat.umn.edu/~aistat/proceedings/data/papers/058.pdf
Resolving www.stat.umn.edu... 134.84.86.2
Connecting to www.stat.umn.edu|134.84.86.2|:80... connected.
HTTP request sent, awaiting response... 200 OK
Length: 1070267 (1.0M) [application/pdf]
Saving to: `shaw07a/shaw07a.pdf'

     0K .......... .......... .......... .......... ..........  4% 71.7K 14s
    50K .......... .......... .......... .......... ..........  9% 90.2K 12s
   100K .......... .......... .......... .......... .......... 14%  138K 10s
   150K .......... .......... .......... .......... .......... 19%  140K 8s
   200K .......... .......... .......... .......... .......... 23%  142K 7s
   250K .......... .......... .......... .......... .......... 28%  141K 7s
   300K .......... .......... .......... .......... .......... 33%  146K 6s
   350K .......... .......... .......... .......... .......... 38%  148K 5s
   400K .......... .......... .......... .......... .......... 43%  208K 5s
   450K .......... .......... .......... .......... .......... 47%  168K 4s
   500K .......... .......... .......... .......... .......... 52%  216K 4s
   550K .......... .......... .......... .......... .......... 57%  160K 3s
   600K .......... .......... .......... .......... .......... 62%  261K 3s
   650K .......... .......... .......... .......... .......... 66%  168K 2s
   700K .......... .......... .......... .......... .......... 71%  263K 2s
   750K .......... .......... .......... .......... .......... 76%  229K 2s
   800K .......... .......... .......... .......... .......... 81%  266K 1s
   850K .......... .......... .......... .......... .......... 86%  173K 1s
   900K .......... .......... .......... .......... .......... 90%  266K 1s
   950K .......... .......... .......... .......... .......... 95%  271K 0s
  1000K .......... .......... .......... .......... .....     100%  253K=6.4s

17:26:22 (164 KB/s) - `shaw07a/shaw07a.pdf' saved [1070267/1070267]

