--17:26:26--  http://www.stat.umn.edu/~aistat/proceedings/data/papers/061.pdf
Resolving www.stat.umn.edu... 134.84.86.2
Connecting to www.stat.umn.edu|134.84.86.2|:80... connected.
HTTP request sent, awaiting response... 200 OK
Length: 2029512 (1.9M) [application/pdf]
Saving to: `shivaswamy07a/shivaswamy07a.pdf'

     0K .......... .......... .......... .......... ..........  2% 93.7K 21s
    50K .......... .......... .......... .......... ..........  5%  101K 19s
   100K .......... .......... .......... .......... ..........  7%  245K 15s
   150K .......... .......... .......... .......... .......... 10%  146K 14s
   200K .......... .......... .......... .......... .......... 12%  244K 12s
   250K .......... .......... .......... .......... .......... 15%  150K 12s
   300K .......... .......... .......... .......... .......... 17%  150K 11s
   350K .......... .......... .......... .......... .......... 20%  258K 10s
   400K .......... .......... .......... .......... .......... 22%  152K 10s
   450K .......... .......... .......... .......... .......... 25%  256K 9s
   500K .......... .......... .......... .......... .......... 27%  219K 9s
   550K .......... .......... .......... .......... .......... 30%  175K 8s
   600K .......... .......... .......... .......... .......... 32%  268K 8s
   650K .......... .......... .......... .......... .......... 35%  265K 7s
   700K .......... .......... .......... .......... .......... 37%  160K 7s
   750K .......... .......... .......... .......... .......... 40%  297K 7s
   800K .......... .......... .......... .......... .......... 42%  239K 6s
   850K .......... .......... .......... .......... .......... 45%  271K 6s
   900K .......... .......... .......... .......... .......... 47%  270K 6s
   950K .......... .......... .......... .......... .......... 50%  164K 5s
  1000K .......... .......... .......... .......... .......... 52%  277K 5s
  1050K .......... .......... .......... .......... .......... 55%  271K 5s
  1100K .......... .......... .......... .......... .......... 58%  289K 4s
  1150K .......... .......... .......... .......... .......... 60%  278K 4s
  1200K .......... .......... .......... .......... .......... 63%  278K 4s
  1250K .......... .......... .......... .......... .......... 65%  281K 3s
  1300K .......... .......... .......... .......... .......... 68%  528K 3s
  1350K .......... .......... .......... .......... .......... 70%  235K 3s
  1400K .......... .......... .......... .......... .......... 73%  282K 3s
  1450K .......... .......... .......... .......... .......... 75%  289K 2s
  1500K .......... .......... .......... .......... .......... 78%  832K 2s
  1550K .......... .......... .......... .......... .......... 80%  289K 2s
  1600K .......... .......... .......... .......... .......... 83%  295K 2s
  1650K .......... .......... .......... .......... .......... 85%  291K 1s
  1700K .......... .......... .......... .......... .......... 88%  293K 1s
  1750K .......... .......... .......... .......... .......... 90%  300K 1s
  1800K .......... .......... .......... .......... .......... 93%  299K 1s
  1850K .......... .......... .......... .......... .......... 95%  297K 0s
  1900K .......... .......... .......... .......... .......... 98%  299K 0s
  1950K .......... .......... .......... .                    100%  420K=8.6s

17:26:35 (229 KB/s) - `shivaswamy07a/shivaswamy07a.pdf' saved [2029512/2029512]

