--17:26:44--  http://www.stat.umn.edu/~aistat/proceedings/data/papers/066.pdf
Resolving www.stat.umn.edu... 134.84.86.2
Connecting to www.stat.umn.edu|134.84.86.2|:80... connected.
HTTP request sent, awaiting response... 200 OK
Length: 916835 (895K) [application/pdf]
Saving to: `snelson07a/snelson07a.pdf'

     0K .......... .......... .......... .......... ..........  5% 93.7K 9s
    50K .......... .......... .......... .......... .......... 11%  146K 7s
   100K .......... .......... .......... .......... .......... 16%  150K 6s
   150K .......... .......... .......... .......... .......... 22%  249K 5s
   200K .......... .......... .......... .......... .......... 27%  154K 4s
   250K .......... .......... .......... .......... .......... 33%  258K 4s
   300K .......... .......... .......... .......... .......... 39%  259K 3s
   350K .......... .......... .......... .......... .......... 44%  266K 3s
   400K .......... .......... .......... .......... .......... 50%  268K 2s
   450K .......... .......... .......... .......... .......... 55%  161K 2s
   500K .......... .......... .......... .......... .......... 61%  273K 2s
   550K .......... .......... .......... .......... .......... 67%  256K 2s
   600K .......... .......... .......... .......... .......... 72%  272K 1s
   650K .......... .......... .......... .......... .......... 78%  271K 1s
   700K .......... .......... .......... .......... .......... 83%  274K 1s
   750K .......... .......... .......... .......... .......... 89%  276K 0s
   800K .......... .......... .......... .......... .......... 94%  274K 0s
   850K .......... .......... .......... .......... .....     100%  262K=4.3s

17:26:49 (210 KB/s) - `snelson07a/snelson07a.pdf' saved [916835/916835]

