--17:26:58--  http://www.stat.umn.edu/~aistat/proceedings/data/papers/072.pdf
Resolving www.stat.umn.edu... 134.84.86.2
Connecting to www.stat.umn.edu|134.84.86.2|:80... connected.
HTTP request sent, awaiting response... 200 OK
Length: 1108831 (1.1M) [application/pdf]
Saving to: `venna07a/venna07a.pdf'

     0K .......... .......... .......... .......... ..........  4% 93.6K 11s
    50K .......... .......... .......... .......... ..........  9%  147K 9s
   100K .......... .......... .......... .......... .......... 13%  153K 7s
   150K .......... .......... .......... .......... .......... 18%  251K 6s
   200K .......... .......... .......... .......... .......... 23%  155K 6s
   250K .......... .......... .......... .......... .......... 27%  260K 5s
   300K .......... .......... .......... .......... .......... 32%  254K 4s
   350K .......... .......... .......... .......... .......... 36%  265K 4s
   400K .......... .......... .......... .......... .......... 41%  269K 3s
   450K .......... .......... .......... .......... .......... 46%  248K 3s
   500K .......... .......... .......... .......... .......... 50%  166K 3s
   550K .......... .......... .......... .......... .......... 55%  264K 3s
   600K .......... .......... .......... .......... .......... 60%  274K 2s
   650K .......... .......... .......... .......... .......... 64%  259K 2s
   700K .......... .......... .......... .......... .......... 69%  276K 2s
   750K .......... .......... .......... .......... .......... 73%  275K 1s
   800K .......... .......... .......... .......... .......... 78%  276K 1s
   850K .......... .......... .......... .......... .......... 83%  278K 1s
   900K .......... .......... .......... .......... .......... 87%  271K 1s
   950K .......... .......... .......... .......... .......... 92%  284K 0s
  1000K .......... .......... .......... .......... .......... 96%  281K 0s
  1050K .......... .......... .......... ..                   100%  214K=5.0s

17:27:04 (218 KB/s) - `venna07a/venna07a.pdf' saved [1108831/1108831]

