--17:27:11--  http://www.stat.umn.edu/~aistat/proceedings/data/papers/076.pdf
Resolving www.stat.umn.edu... 134.84.86.2
Connecting to www.stat.umn.edu|134.84.86.2|:80... connected.
HTTP request sent, awaiting response... 200 OK
Length: 4720707 (4.5M) [application/pdf]
Saving to: `wang07d/wang07d.pdf'

     0K .......... .......... .......... .......... ..........  1% 72.6K 63s
    50K .......... .......... .......... .......... ..........  2% 98.1K 54s
   100K .......... .......... .......... .......... ..........  3%  136K 47s
   150K .......... .......... .......... .......... ..........  4%  141K 42s
   200K .......... .......... .......... .......... ..........  5%  141K 40s
   250K .......... .......... .......... .......... ..........  6%  146K 38s
   300K .......... .......... .......... .......... ..........  7%  147K 36s
   350K .......... .......... .......... .......... ..........  8%  244K 33s
   400K .......... .......... .......... .......... ..........  9%  149K 32s
   450K .......... .......... .......... .......... .......... 10%  248K 30s
   500K .......... .......... .......... .......... .......... 11%  153K 30s
   550K .......... .......... .......... .......... .......... 13%  255K 28s
   600K .......... .......... .......... .......... .......... 14%  153K 28s
   650K .......... .......... .......... .......... .......... 15%  259K 27s
   700K .......... .......... .......... .......... .......... 16%  263K 25s
   750K .......... .......... .......... .......... .......... 17%  157K 25s
   800K .......... .......... .......... .......... .......... 18%  265K 24s
   850K .......... .......... .......... .......... .......... 19%  222K 23s
   900K .......... .......... .......... .......... .......... 20%  266K 23s
   950K .......... .......... .......... .......... .......... 21%  183K 22s
  1000K .......... .......... .......... .......... .......... 22%  270K 21s
  1050K .......... .......... .......... .......... .......... 23%  273K 21s
  1100K .......... .......... .......... .......... .......... 24%  216K 20s
  1150K .......... .......... .......... .......... .......... 26%  313K 20s
  1200K .......... .......... .......... .......... .......... 27%  277K 19s
  1250K .......... .......... .......... .......... .......... 28%  276K 18s
  1300K .......... .......... .......... .......... .......... 29%  283K 18s
  1350K .......... .......... .......... .......... .......... 30%  282K 17s
  1400K .......... .......... .......... .......... .......... 31%  282K 17s
  1450K .......... .......... .......... .......... .......... 32%  285K 17s
  1500K .......... .......... .......... .......... .......... 33%  283K 16s
  1550K .......... .......... .......... .......... .......... 34%  288K 16s
  1600K .......... .......... .......... .......... .......... 35%  854K 15s
  1650K .......... .......... .......... .......... .......... 36%  280K 15s
  1700K .......... .......... .......... .......... .......... 37%  178K 14s
  1750K .......... .......... .......... .......... .......... 39%  285K 14s
  1800K .......... .......... .......... .......... .......... 40%  514K 14s
  1850K .......... .......... .......... .......... .......... 41%  381K 13s
  1900K .......... .......... .......... .......... .......... 42%  293K 13s
  1950K .......... .......... .......... .......... .......... 43%  299K 12s
  2000K .......... .......... .......... .......... .......... 44%  297K 12s
  2050K .......... .......... .......... .......... .......... 45%  299K 12s
  2100K .......... .......... .......... .......... .......... 46%  302K 12s
  2150K .......... .......... .......... .......... .......... 47%  521K 11s
  2200K .......... .......... .......... .......... .......... 48%  302K 11s
  2250K .......... .......... .......... .......... .......... 49%  303K 11s
  2300K .......... .......... .......... .......... .......... 50%  310K 10s
  2350K .......... .......... .......... .......... .......... 52%  378K 10s
  2400K .......... .......... .......... .......... .......... 53%  305K 10s
  2450K .......... .......... .......... .......... .......... 54%  585K 9s
  2500K .......... .......... .......... .......... .......... 55%  305K 9s
  2550K .......... .......... .......... .......... .......... 56%  312K 9s
  2600K .......... .......... .......... .......... .......... 57%  386K 9s
  2650K .......... .......... .......... .......... .......... 58%  317K 8s
  2700K .......... .......... .......... .......... .......... 59%  532K 8s
  2750K .......... .......... .......... .......... .......... 60%  283K 8s
  2800K .......... .......... .......... .......... .......... 61%  495K 7s
  2850K .......... .......... .......... .......... .......... 62%  439K 7s
  2900K .......... .......... .......... .......... .......... 63%  325K 7s
  2950K .......... .......... .......... .......... .......... 65%  486K 7s
  3000K .......... .......... .......... .......... .......... 66%  323K 6s
  3050K .......... .......... .......... .......... .......... 67%  463K 6s
  3100K .......... .......... .......... .......... .......... 68%  477K 6s
  3150K .......... .......... .......... .......... .......... 69%  328K 6s
  3200K .......... .......... .......... .......... .......... 70%  457K 5s
  3250K .......... .......... .......... .......... .......... 71%  487K 5s
  3300K .......... .......... .......... .......... .......... 72%  327K 5s
  3350K .......... .......... .......... .......... .......... 73%  474K 5s
  3400K .......... .......... .......... .......... .......... 74%  488K 5s
  3450K .......... .......... .......... .......... .......... 75%  472K 4s
  3500K .......... .......... .......... .......... .......... 77%  336K 4s
  3550K .......... .......... .......... .......... .......... 78%  476K 4s
  3600K .......... .......... .......... .......... .......... 79%  485K 4s
  3650K .......... .......... .......... .......... .......... 80%  339K 3s
  3700K .......... .......... .......... .......... .......... 81%  473K 3s
  3750K .......... .......... .......... .......... .......... 82%  510K 3s
  3800K .......... .......... .......... .......... .......... 83%  473K 3s
  3850K .......... .......... .......... .......... .......... 84%  493K 3s
  3900K .......... .......... .......... .......... .......... 85%  340K 2s
  3950K .......... .......... .......... .......... .......... 86%  509K 2s
  4000K .......... .......... .......... .......... .......... 87%  490K 2s
  4050K .......... .......... .......... .......... .......... 88%  487K 2s
  4100K .......... .......... .......... .......... .......... 90%  499K 2s
  4150K .......... .......... .......... .......... .......... 91%  494K 1s
  4200K .......... .......... .......... .......... .......... 92%  493K 1s
  4250K .......... .......... .......... .......... .......... 93%  350K 1s
  4300K .......... .......... .......... .......... .......... 94%  512K 1s
  4350K .......... .......... .......... .......... .......... 95%  491K 1s
  4400K .......... .......... .......... .......... .......... 96%  515K 1s
  4450K .......... .......... .......... .......... .......... 97%  495K 0s
  4500K .......... .......... .......... .......... .......... 98%  507K 0s
  4550K .......... .......... .......... .......... .......... 99%  499K 0s
  4600K ..........                                            100%  932K=16s

17:27:27 (288 KB/s) - `wang07d/wang07d.pdf' saved [4720707/4720707]

